<?xml version="1.0" encoding="UTF-8"?>
<!-- Generated by org.testng.reporters.JUnitReportReporter -->
<testsuite skipped="0" hostname="HDC2-L-C9GKPN2" name="WebDriverDemos.WindowsFrames1" tests="1" failures="0" timestamp="03 Aug 2018 09:21:04 GMT" time="32.620" errors="0">
  <testcase name="windowsframes" time="32.620" classname="WebDriverDemos.WindowsFrames1"/>
</testsuite> <!-- WebDriverDemos.WindowsFrames1 -->
