<?xml version="1.0" encoding="UTF-8"?>
<!-- Generated by org.testng.reporters.JUnitReportReporter -->
<testsuite skipped="0" hostname="HDC2-L-C9GKPN2" name="WebDriverDemos.FBReg" tests="1" failures="0" timestamp="01 Aug 2018 08:26:47 GMT" time="15.193" errors="0">
  <testcase name="fbregistrationscript" time="15.193" classname="WebDriverDemos.FBReg"/>
</testsuite> <!-- WebDriverDemos.FBReg -->
