<?xml version="1.0" encoding="UTF-8"?>
<!-- Generated by org.testng.reporters.JUnitReportReporter -->
<testsuite skipped="0" hostname="HDC2-L-C9GKPN2" name="WebDriverDemos.ParallelExecution1" tests="2" failures="0" timestamp="01 Aug 2018 11:14:31 GMT" time="0.489" errors="0">
  <testcase name="metho2" time="0.254" classname="WebDriverDemos.ParallelExecution1"/>
  <testcase name="metho1" time="0.235" classname="WebDriverDemos.ParallelExecution1"/>
</testsuite> <!-- WebDriverDemos.ParallelExecution1 -->
