<?xml version="1.0" encoding="UTF-8"?>
<!-- Generated by org.testng.reporters.JUnitReportReporter -->
<testsuite skipped="0" hostname="HDC2-L-C9GKPN2" name="WebDriverDemos.DataProvider1" tests="2" failures="0" timestamp="01 Aug 2018 09:50:27 GMT" time="0.010" errors="0">
  <testcase name="recdata" time="0.009" classname="WebDriverDemos.DataProvider1"/>
  <testcase name="recdata" time="0.001" classname="WebDriverDemos.DataProvider1"/>
</testsuite> <!-- WebDriverDemos.DataProvider1 -->
