<?xml version="1.0" encoding="UTF-8"?>
<!-- Generated by org.testng.reporters.JUnitReportReporter -->
<testsuite skipped="0" hostname="HDC2-L-C9GKPN2" name="WebDriverDemos.BrowsersLaunch" tests="1" failures="0" timestamp="01 Aug 2018 05:26:27 GMT" time="7.732" errors="0">
  <testcase name="BusinesslogicScript" time="7.732" classname="WebDriverDemos.BrowsersLaunch"/>
</testsuite> <!-- WebDriverDemos.BrowsersLaunch -->
