<?xml version="1.0" encoding="UTF-8"?>
<!-- Generated by org.testng.reporters.JUnitReportReporter -->
<testsuite skipped="0" hostname="HDC2-L-C9GKPN2" name="WebDriverDemos.DataProvider2_A" tests="2" failures="0" timestamp="01 Aug 2018 09:55:42 GMT" time="0.009" errors="0">
  <testcase name="recdata" time="0.008" classname="WebDriverDemos.DataProvider2_A"/>
  <testcase name="recdata" time="0.001" classname="WebDriverDemos.DataProvider2_A"/>
</testsuite> <!-- WebDriverDemos.DataProvider2_A -->
