<?xml version="1.0" encoding="UTF-8"?>
<!-- Generated by org.testng.reporters.JUnitReportReporter -->
<testsuite skipped="0" hostname="HDC2-L-C9GKPN2" name="WebDriverDemos.DataProvider4_MultipleParameters" tests="2" failures="0" timestamp="01 Aug 2018 11:08:48 GMT" time="0.011" errors="0">
  <testcase name="recdata" time="0.010" classname="WebDriverDemos.DataProvider4_MultipleParameters"/>
  <testcase name="recdata" time="0.001" classname="WebDriverDemos.DataProvider4_MultipleParameters"/>
</testsuite> <!-- WebDriverDemos.DataProvider4_MultipleParameters -->
