<?xml version="1.0" encoding="UTF-8"?>
<!-- Generated by org.testng.reporters.JUnitReportReporter -->
<testsuite skipped="0" hostname="HDC2-L-C9GKPN2" name="WebDriverDemos.DataProvider3_Multipleparameters" tests="2" failures="0" timestamp="01 Aug 2018 10:02:31 GMT" time="0.011" errors="0">
  <testcase name="recdata" time="0.010" classname="WebDriverDemos.DataProvider3_Multipleparameters"/>
  <testcase name="recdata" time="0.001" classname="WebDriverDemos.DataProvider3_Multipleparameters"/>
</testsuite> <!-- WebDriverDemos.DataProvider3_Multipleparameters -->
